<?xml version="1.0" encoding="UTF-8"?>
<testsuite xmlns:xsi="http://www.w3.org/2001/XMLSchema-instance" xsi:noNamespaceSchemaLocation="https://maven.apache.org/surefire/maven-surefire-plugin/xsd/surefire-test-report-3.0.xsd" version="3.0" name="com.convergence.ecommerce.controller.ProductControllerIntegrationTest" time="3.757" tests="2" errors="0" skipped="0" failures="0">
  <properties>
[...]
</properties>
  <testcase name="testCreateAndGetProduct" classname="com.convergence.ecommerce.controller.ProductControllerIntegrationTest" time="0.562">
    <system-out><![CDATA[11:10:50.788 [main] INFO org.springframework.test.context.support.AnnotationConfigContextLoaderUtils -- Could not detect default configuration classes for test class [com.convergence.ecommerce.controller.ProductControllerIntegrationTest]: ProductControllerIntegrationTest does not declare any static, non-private, non-final, nested classes annotated with @Configuration.
11:10:50.880 [main] INFO org.springframework.boot.test.context.SpringBootTestContextBootstrapper -- Found @SpringBootConfiguration com.convergence.ecommerce.EcommerceApplication for test class com.convergence.ecommerce.controller.ProductControllerIntegrationTest

  .   ____          _            __ _ _
 /\\ / ___'_ __ _ _(_)_ __  __ _ \ \ \ \
( ( )\___ | '_ | '_| | '_ \/ _` | \ \ \ \
 \\/  ___)| |_)| | | | | || (_| |  ) ) ) )
  '  |____| .__|_| |_|_| |_\__, | / / / /
 =========|_|==============|___/=/_/_/_/
 :: Spring Boot ::                (v3.2.5)

2026-09-10T11:10:51.122+05:30  INFO 51420 --- [           main] c.c.e.c.ProductControllerIntegrationTest : Starting ProductControllerIntegrationTest using Java 17.0.20 with PID 51420 (started by neilghosh in C:\Users\neilghosh\dev\springboot-workshop)
2026-09-10T11:10:51.125+05:30  INFO 51420 --- [           main] c.c.e.c.ProductControllerIntegrationTest : No active profile set, falling back to 1 default profile: "default"
2026-09-10T11:10:51.575+05:30  INFO 51420 --- [           main] .s.d.r.c.RepositoryConfigurationDelegate : Bootstrapping Spring Data JPA repositories in DEFAULT mode.
2026-09-10T11:10:51.614+05:30  INFO 51420 --- [           main] .s.d.r.c.RepositoryConfigurationDelegate : Finished Spring Data repository scanning in 31 ms. Found 1 JPA repository interface.
2026-09-10T11:10:51.975+05:30  INFO 51420 --- [           main] o.hibernate.jpa.internal.util.LogHelper  : HHH000204: Processing PersistenceUnitInfo [name: default]
2026-09-10T11:10:52.072+05:30  INFO 51420 --- [           main] org.hibernate.Version                    : HHH000412: Hibernate ORM core version 6.4.4.Final
2026-09-10T11:10:52.101+05:30  INFO 51420 --- [           main] o.h.c.internal.RegionFactoryInitiator    : HHH000026: Second-level cache disabled
2026-09-10T11:10:52.327+05:30  INFO 51420 --- [           main] o.s.o.j.p.SpringPersistenceUnitInfo      : No LoadTimeWeaver setup: ignoring JPA class transformer
2026-09-10T11:10:52.347+05:30  INFO 51420 --- [           main] com.zaxxer.hikari.HikariDataSource       : HikariPool-1 - Starting...
2026-09-10T11:10:52.445+05:30  INFO 51420 --- [           main] com.zaxxer.hikari.pool.HikariPool        : HikariPool-1 - Added connection conn0: url=jdbc:h2:mem:ecommercedb user=SA
2026-09-10T11:10:52.446+05:30  INFO 51420 --- [           main] com.zaxxer.hikari.HikariDataSource       : HikariPool-1 - Start completed.
2026-09-10T11:10:52.459+05:30  WARN 51420 --- [           main] org.hibernate.orm.deprecation            : HHH90000025: H2Dialect does not need to be specified explicitly using 'hibernate.dialect' (remove the property setting and it will be selected by default)
2026-09-10T11:10:52.932+05:30  INFO 51420 --- [           main] o.h.e.t.j.p.i.JtaPlatformInitiator       : HHH000489: No JTA platform available (set 'hibernate.transaction.jta.platform' to enable JTA platform integration)
Hibernate: 
    create table products (
        id bigint generated by default as identity,
        category varchar(255) not null,
        created_at timestamp(6) not null,
        description varchar(1000) not null,
        name varchar(255) not null,
        price float(53) not null,
        stock_quantity integer not null,
        primary key (id)
    )
2026-09-10T11:10:52.963+05:30  INFO 51420 --- [           main] j.LocalContainerEntityManagerFactoryBean : Initialized JPA EntityManagerFactory for persistence unit 'default'
2026-09-10T11:10:53.385+05:30  WARN 51420 --- [           main] JpaBaseConfiguration$JpaWebConfiguration : spring.jpa.open-in-view is enabled by default. Therefore, database queries may be performed during view rendering. Explicitly configure spring.jpa.open-in-view to disable this warning
2026-09-10T11:10:53.775+05:30  INFO 51420 --- [           main] o.s.b.a.h2.H2ConsoleAutoConfiguration    : H2 console available at '/h2-console'. Database available at 'jdbc:h2:mem:ecommercedb'
2026-09-10T11:10:53.831+05:30  INFO 51420 --- [           main] o.s.b.t.m.w.SpringBootMockServletContext : Initializing Spring TestDispatcherServlet ''
2026-09-10T11:10:53.832+05:30  INFO 51420 --- [           main] o.s.t.web.servlet.TestDispatcherServlet  : Initializing Servlet ''
2026-09-10T11:10:53.833+05:30  INFO 51420 --- [           main] o.s.t.web.servlet.TestDispatcherServlet  : Completed initialization in 1 ms
2026-09-10T11:10:53.849+05:30  INFO 51420 --- [           main] c.c.e.c.ProductControllerIntegrationTest : Started ProductControllerIntegrationTest in 2.882 seconds (process running for 3.483)
Hibernate: 
    insert 
    into
        products
        (category, created_at, description, name, price, stock_quantity, id) 
    values
        (?, ?, ?, ?, ?, ?, default)
Hibernate: 
    select
        pe1_0.id,
        pe1_0.category,
        pe1_0.created_at,
        pe1_0.description,
        pe1_0.name,
        pe1_0.price,
        pe1_0.stock_quantity 
    from
        products pe1_0
]]></system-out>
  </testcase>
  <testcase name="testValidationFailure" classname="com.convergence.ecommerce.controller.ProductControllerIntegrationTest" time="0.013"/>
</testsuite>